C:\Users\Badal\AppData\Local\Temp\7zOCB1F150B\1RK APATMENT IN 40 X 50 FT AREA.dwg,Model,15-Sep-25 7:49:08 PM,Badal,DWG To PDF.pc3,ISO full bleed A4 (210.00 x 297.00 MM),1:2.45692,
C:\Users\Badal\AppData\Local\Temp\7zOCB1F150B\1RK APATMENT IN 40 X 50 FT AREA.dwg,Model,15-Sep-25 7:50:20 PM,Badal,DWG To PDF.pc3,ISO full bleed A4 (210.00 x 297.00 MM),1:2.45692,
C:\Users\Badal\AppData\Local\Temp\7zO03A2F4FB\SHOPS + 1RK.dwg,Model,15-Sep-25 8:38:59 PM,Badal,DWG To PDF.pc3,ISO full bleed A4 (210.00 x 297.00 MM),1:0.0669124,
C:\Users\Badal\AppData\Local\Temp\7zOCC807980\50' X 50' FLAT SYSTEM.dwg,Model,15-Sep-25 8:46:14 PM,Badal,DWG To PDF.pc3,ISO full bleed A3 (297.00 x 420.00 MM),1:4.484,
C:\Users\Badal\AppData\Local\Temp\7zOCC8E0084\100' X 45' FLAT SYSTEMS.dwg,Model,15-Sep-25 8:49:52 PM,Badal,DWG To PDF.pc3,ISO full bleed A4 (210.00 x 297.00 MM),1:0.126338,
C:\Users\Badal\AppData\Local\Temp\7zOCC836039\3BHK FLAT SYSTEMS.dwg,Model,15-Sep-25 8:52:40 PM,Badal,DWG To PDF.pc3,ISO full bleed A4 (210.00 x 297.00 MM),1:3.19418,
C:\Users\Badal\AppData\Local\Temp\7zOCC836039\3BHK FLAT SYSTEMS.dwg,Model,15-Sep-25 8:57:51 PM,Badal,DWG To PDF.pc3,ISO full bleed A4 (210.00 x 297.00 MM),1:4.97864,
C:\Users\Badal\AppData\Local\Temp\7zOCC881B01\apartments.dwg,Model,15-Sep-25 9:01:45 PM,Badal,DWG To PDF.pc3,ANSI A (8.50 x 11.00 Inches),1:3.05676,
C:\Users\Badal\AppData\Local\Temp\7zOCC8B3B02\40' X 120' RESIDENTIAL.dwg,Model,15-Sep-25 9:23:45 PM,Badal,DWG To PDF.pc3,ISO full bleed B5 (250.00 x 176.00 MM),1:6.26747,
C:\Users\Badal\AppData\Local\Temp\7zOCC822123\1RK ROWHOUSES.dwg,Model,15-Sep-25 9:41:08 PM,Badal,DWG To PDF.pc3,ANSI full bleed A (8.50 x 11.00 Inches),1:5.85604,
C:\Users\Badal\AppData\Local\Temp\7zOCC822123\1RK ROWHOUSES.dwg,Model,15-Sep-25 9:43:46 PM,Badal,DWG To PDF.pc3,ANSI full bleed A (8.50 x 11.00 Inches),1:5.60225,
C:\Users\Badal\AppData\Local\Temp\7zOCC884FF9\30' X 40' BUNGALOW PLANS + SHOPPING CENTER.dwg,Model,15-Sep-25 9:48:28 PM,Badal,DWG To PDF.pc3,ISO full bleed A3 (297.00 x 420.00 MM),1:3.03222,
C:\Users\Badal\AppData\Local\Temp\7zOCC884FF9\30' X 40' BUNGALOW PLANS + SHOPPING CENTER.dwg,Model,15-Sep-25 9:51:15 PM,Badal,DWG To PDF.pc3,ISO full bleed A3 (297.00 x 420.00 MM),1:3.25748,
C:\Users\Badal\AppData\Local\Temp\7zOCC8C8223\40' X 60' FLAT SYSTEMS.dwg,Model,15-Sep-25 9:57:28 PM,Badal,DWG To PDF.pc3,ISO full bleed A3 (297.00 x 420.00 MM),1:0.0806691,
C:\Users\Badal\AppData\Local\Temp\7zOCC84F004\1RK & 1BHK FLATS APARTMEN PLANNING.dwg,Model,16-Sep-25 8:50:24 AM,Badal,DWG To PDF.pc3,ISO full bleed A4 (210.00 x 297.00 MM),1:0.078938,
C:\Users\Badal\AppData\Local\Temp\7zOCC84F004\1RK & 1BHK FLATS APARTMEN PLANNING.dwg,Model,16-Sep-25 8:52:18 AM,Badal,DWG To PDF.pc3,ISO full bleed A4 (210.00 x 297.00 MM),1:0.0781662,
C:\Users\Badal\AppData\Local\Temp\7zOCC84F004\1RK & 1BHK FLATS APARTMEN PLANNING.dwg,Model,16-Sep-25 8:54:14 AM,Badal,DWG To PDF.pc3,ISO full bleed A4 (210.00 x 297.00 MM),1:0.0781662,
C:\Users\Badal\AppData\Local\Temp\7zOCC84F004\1RK & 1BHK FLATS APARTMEN PLANNING.dwg,Model,16-Sep-25 8:55:11 AM,Badal,DWG To PDF.pc3,ISO full bleed A4 (210.00 x 297.00 MM),1:0.0781662,
C:\Users\Badal\AppData\Local\Temp\7zOCC84F004\1RK & 1BHK FLATS APARTMEN PLANNING.dwg,Model,16-Sep-25 8:56:44 AM,Badal,DWG To PDF.pc3,ISO full bleed A4 (210.00 x 297.00 MM),1:0.0781662,
C:\Users\Badal\AppData\Local\Temp\7zOCC84F004\1RK & 1BHK FLATS APARTMEN PLANNING.dwg,Model,16-Sep-25 8:57:35 AM,Badal,DWG To PDF.pc3,ISO full bleed A4 (210.00 x 297.00 MM),1:0.0741229,
